<!DOCTYPE html PUBLIC "-//W3C//DTD XHTML 1.1//EN" "http://www.w3.org/TR/xhtml11/DTD/xhtml11.dtd">
<html xmlns="http://www.w3.org/1999/xhtml">
<head>
<meta http-equiv="content-type" content="text/html; charset=UTF-8"/>
<title>TestNG Report</title>
<style type="text/css">table {margin-bottom:10px;border-collapse:collapse;empty-cells:show}th,td {border:1px solid #009;padding:.25em .5em}th {vertical-align:bottom}td {vertical-align:top}table a {font-weight:bold}.stripe td {background-color: #E6EBF9}.num {text-align:right}.passedodd td {background-color: #3F3}.passedeven td {background-color: #0A0}.skippedodd td {background-color: #DDD}.skippedeven td {background-color: #CCC}.failedodd td,.attn {background-color: #F33}.failedeven td,.stripe .attn {background-color: #D00}.stacktrace {white-space:pre;font-family:monospace}.totop {font-size:85%;text-align:center;border-bottom:2px solid #000}.invisible {display:none}</style>
</head>
<body>
<table>
<tr><th>Test</th><th># Passed</th><th># Skipped</th><th># Failed</th><th>Time (ms)</th><th>Included Groups</th><th>Excluded Groups</th></tr>
<tr><th colspan="7">E-katalog tests</th></tr>
<tr><td><a href="#t0">tests with price = 1000</a></td><td class="num">2</td><td class="num">0</td><td class="num attn">1</td><td class="num">59,155</td><td></td><td></td></tr>
<tr class="stripe"><td><a href="#t1">tests with price = 3000</a></td><td class="num">3</td><td class="num">0</td><td class="num">0</td><td class="num">65,708</td><td></td><td></td></tr>
<tr><td><a href="#t2">tests with price = 5000</a></td><td class="num">2</td><td class="num">0</td><td class="num attn">1</td><td class="num">148,494</td><td></td><td></td></tr>
<tr><th>Total</th><th class="num">7</th><th class="num">0</th><th class="num attn">2</th><th class="num">273,357</th><th colspan="2"></th></tr>
</table>
<table id='summary'><thead><tr><th>Class</th><th>Method</th><th>Start</th><th>Time (ms)</th></tr></thead><tbody><tr><th colspan="4">E-katalog tests</th></tr></tbody><tbody id="t0"><tr><th colspan="4">tests with price = 1000 &#8212; failed</th></tr><tr class="failedeven"><td rowspan="1">com.kokokozhina.Tests</td><td><a href="#m0">testMaxPriceFilter</a></td><td rowspan="1">1616015772676</td><td rowspan="1">29307</td></tr><tr><th colspan="4">tests with price = 1000 &#8212; passed</th></tr><tr class="passedeven"><td rowspan="2">com.kokokozhina.Tests</td><td><a href="#m1">testFavouritesAndVisitedGoods</a></td><td rowspan="1">1616015802623</td><td rowspan="1">19447</td></tr><tr class="passedeven"><td><a href="#m2">testLogin</a></td><td rowspan="1">1616015762995</td><td rowspan="1">9336</td></tr></tbody>
<tbody id="t1"><tr><th colspan="4">tests with price = 3000 &#8212; passed</th></tr><tr class="passedeven"><td rowspan="3">com.kokokozhina.Tests</td><td><a href="#m3">testFavouritesAndVisitedGoods</a></td><td rowspan="1">1616015869671</td><td rowspan="1">18154</td></tr><tr class="passedeven"><td><a href="#m4">testLogin</a></td><td rowspan="1">1616015822145</td><td rowspan="1">7521</td></tr><tr class="passedeven"><td><a href="#m5">testMaxPriceFilter</a></td><td rowspan="1">1616015829672</td><td rowspan="1">39991</td></tr></tbody>
<tbody id="t2"><tr><th colspan="4">tests with price = 5000 &#8212; failed</th></tr><tr class="failedeven"><td rowspan="1">com.kokokozhina.Tests</td><td><a href="#m6">testFavouritesAndVisitedGoods</a></td><td rowspan="1">1616016016715</td><td rowspan="1">18769</td></tr><tr><th colspan="4">tests with price = 5000 &#8212; passed</th></tr><tr class="passedeven"><td rowspan="2">com.kokokozhina.Tests</td><td><a href="#m7">testLogin</a></td><td rowspan="1">1616015887869</td><td rowspan="1">7575</td></tr><tr class="passedeven"><td><a href="#m8">testMaxPriceFilter</a></td><td rowspan="1">1616015895451</td><td rowspan="1">121258</td></tr></tbody>
</table>
<h2>tests with price = 1000</h2><h3 id="m0">com.kokokozhina.Tests#testMaxPriceFilter</h3><table class="result"><tr class="param"><th>Parameter #1</th></tr><tr class="param stripe"><td>1000</td></tr><tr><th>Exception</th></tr><tr><td><div class="stacktrace">org.openqa.selenium.NoSuchElementException: no such element: Unable to locate element: {&quot;method&quot;:&quot;xpath&quot;,&quot;selector&quot;:&quot;//form[@id=&apos;list_form1&apos;]&quot;}
  (Session info: chrome=89.0.4389.90)
For documentation on this error, please visit: http://seleniumhq.org/exceptions/no_such_element.html
Build info: version: &apos;3.11.0&apos;, revision: &apos;e59cfb3&apos;, time: &apos;2018-03-11T20:26:55.152Z&apos;
System info: host: &apos;NB64-219&apos;, ip: &apos;192.168.0.175&apos;, os.name: &apos;Windows 10&apos;, os.arch: &apos;amd64&apos;, os.version: &apos;10.0&apos;, java.version: &apos;1.8.0_251&apos;
Driver info: org.openqa.selenium.chrome.ChromeDriver
Capabilities {acceptInsecureCerts: false, browserName: chrome, browserVersion: 89.0.4389.90, chrome: {chromedriverVersion: 89.0.4389.23 (61b08ee2c5002..., userDataDir: C:\Users\okozhina\AppData\L...}, goog:chromeOptions: {debuggerAddress: localhost:58232}, javascriptEnabled: true, networkConnectionEnabled: false, pageLoadStrategy: normal, platform: WINDOWS, platformName: WINDOWS, proxy: Proxy(), setWindowRect: true, strictFileInteractability: false, timeouts: {implicit: 0, pageLoad: 300000, script: 30000}, unhandledPromptBehavior: dismiss and notify, webauthn:extension:largeBlob: true, webauthn:virtualAuthenticators: true}
Session ID: baf7560d1577b6ccf59a275143bebb78
*** Element info: {Using=xpath, value=//form[@id=&apos;list_form1&apos;]}
	at org.openqa.selenium.remote.http.W3CHttpResponseCodec.createException(W3CHttpResponseCodec.java:187)
	at org.openqa.selenium.remote.http.W3CHttpResponseCodec.decode(W3CHttpResponseCodec.java:122)
	at org.openqa.selenium.remote.http.W3CHttpResponseCodec.decode(W3CHttpResponseCodec.java:49)
	at org.openqa.selenium.remote.HttpCommandExecutor.execute(HttpCommandExecutor.java:158)
	at org.openqa.selenium.remote.service.DriverCommandExecutor.execute(DriverCommandExecutor.java:83)
	at org.openqa.selenium.remote.RemoteWebDriver.execute(RemoteWebDriver.java:545)
	at org.openqa.selenium.remote.RemoteWebDriver.findElement(RemoteWebDriver.java:319)
	at org.openqa.selenium.remote.RemoteWebDriver.findElementByXPath(RemoteWebDriver.java:421)
	at org.openqa.selenium.By$ByXPath.findElement(By.java:361)
	at org.openqa.selenium.remote.RemoteWebDriver.findElement(RemoteWebDriver.java:311)
	at com.kokokozhina.Tests.testMaxPriceFilterForOnePage(Tests.java:138)
	at com.kokokozhina.Tests.testMaxPriceFilter(Tests.java:182)
... Removed 32 stack frames</div></td></tr></table><p class="totop"><a href="#summary">back to summary</a></p>
<h3 id="m1">com.kokokozhina.Tests#testFavouritesAndVisitedGoods</h3><table class="result"><tr><th class="invisible"/></tr></table><p class="totop"><a href="#summary">back to summary</a></p>
<h3 id="m2">com.kokokozhina.Tests#testLogin</h3><table class="result"><tr><th class="invisible"/></tr></table><p class="totop"><a href="#summary">back to summary</a></p>
<h2>tests with price = 3000</h2><h3 id="m3">com.kokokozhina.Tests#testFavouritesAndVisitedGoods</h3><table class="result"><tr><th class="invisible"/></tr></table><p class="totop"><a href="#summary">back to summary</a></p>
<h3 id="m4">com.kokokozhina.Tests#testLogin</h3><table class="result"><tr><th class="invisible"/></tr></table><p class="totop"><a href="#summary">back to summary</a></p>
<h3 id="m5">com.kokokozhina.Tests#testMaxPriceFilter</h3><table class="result"><tr class="param"><th>Parameter #1</th></tr><tr class="param stripe"><td>3000</td></tr></table><p class="totop"><a href="#summary">back to summary</a></p>
<h2>tests with price = 5000</h2><h3 id="m6">com.kokokozhina.Tests#testFavouritesAndVisitedGoods</h3><table class="result"><tr><th>Exception</th></tr><tr><td><div class="stacktrace">org.openqa.selenium.NoSuchElementException: no such element: Unable to locate element: {&quot;method&quot;:&quot;xpath&quot;,&quot;selector&quot;:&quot;//*[@id=&apos;li_br156&apos;]/label&quot;}
  (Session info: chrome=89.0.4389.90)
For documentation on this error, please visit: http://seleniumhq.org/exceptions/no_such_element.html
Build info: version: &apos;3.11.0&apos;, revision: &apos;e59cfb3&apos;, time: &apos;2018-03-11T20:26:55.152Z&apos;
System info: host: &apos;NB64-219&apos;, ip: &apos;192.168.0.175&apos;, os.name: &apos;Windows 10&apos;, os.arch: &apos;amd64&apos;, os.version: &apos;10.0&apos;, java.version: &apos;1.8.0_251&apos;
Driver info: org.openqa.selenium.chrome.ChromeDriver
Capabilities {acceptInsecureCerts: false, browserName: chrome, browserVersion: 89.0.4389.90, chrome: {chromedriverVersion: 89.0.4389.23 (61b08ee2c5002..., userDataDir: C:\Users\okozhina\AppData\L...}, goog:chromeOptions: {debuggerAddress: localhost:58232}, javascriptEnabled: true, networkConnectionEnabled: false, pageLoadStrategy: normal, platform: WINDOWS, platformName: WINDOWS, proxy: Proxy(), setWindowRect: true, strictFileInteractability: false, timeouts: {implicit: 0, pageLoad: 300000, script: 30000}, unhandledPromptBehavior: dismiss and notify, webauthn:extension:largeBlob: true, webauthn:virtualAuthenticators: true}
Session ID: baf7560d1577b6ccf59a275143bebb78
*** Element info: {Using=xpath, value=//*[@id=&apos;li_br156&apos;]/label}
	at org.openqa.selenium.remote.http.W3CHttpResponseCodec.createException(W3CHttpResponseCodec.java:187)
	at org.openqa.selenium.remote.http.W3CHttpResponseCodec.decode(W3CHttpResponseCodec.java:122)
	at org.openqa.selenium.remote.http.W3CHttpResponseCodec.decode(W3CHttpResponseCodec.java:49)
	at org.openqa.selenium.remote.HttpCommandExecutor.execute(HttpCommandExecutor.java:158)
	at org.openqa.selenium.remote.service.DriverCommandExecutor.execute(DriverCommandExecutor.java:83)
	at org.openqa.selenium.remote.RemoteWebDriver.execute(RemoteWebDriver.java:545)
	at org.openqa.selenium.remote.RemoteWebDriver.findElement(RemoteWebDriver.java:319)
	at org.openqa.selenium.remote.RemoteWebDriver.findElementByXPath(RemoteWebDriver.java:421)
	at org.openqa.selenium.By$ByXPath.findElement(By.java:361)
	at org.openqa.selenium.remote.RemoteWebDriver.findElement(RemoteWebDriver.java:311)
	at com.kokokozhina.Tests.testFavouritesAndVisitedGoods(Tests.java:70)
... Removed 32 stack frames</div></td></tr></table><p class="totop"><a href="#summary">back to summary</a></p>
<h3 id="m7">com.kokokozhina.Tests#testLogin</h3><table class="result"><tr><th class="invisible"/></tr></table><p class="totop"><a href="#summary">back to summary</a></p>
<h3 id="m8">com.kokokozhina.Tests#testMaxPriceFilter</h3><table class="result"><tr class="param"><th>Parameter #1</th></tr><tr class="param stripe"><td>5000</td></tr></table><p class="totop"><a href="#summary">back to summary</a></p>
</body>
</html>
