<?xml version="1.0" encoding="UTF-8"?>
<testng-results skipped="0" failed="2" ignored="0" total="9" passed="7">
  <reporter-output>
  </reporter-output>
  <suite name="E-katalog tests" duration-ms="273441" started-at="2021-03-17T21:16:02Z" finished-at="2021-03-17T21:20:36Z">
    <groups>
    </groups>
    <test name="tests with price = 1000" duration-ms="59155" started-at="2021-03-17T21:16:02Z" finished-at="2021-03-17T21:17:02Z">
      <class name="com.kokokozhina.Tests">
        <test-method status="PASS" signature="testLogin()[pri:0, instance:com.kokokozhina.Tests@55c57422]" name="testLogin" duration-ms="9336" started-at="2021-03-17T21:16:02Z" finished-at="2021-03-17T21:16:12Z">
          <reporter-output>
          </reporter-output>
        </test-method> <!-- testLogin -->
        <test-method status="PASS" signature="tearDown(org.testng.ITestResult)[pri:0, instance:com.kokokozhina.Tests@55c57422]" name="tearDown" is-config="true" duration-ms="11" started-at="2021-03-17T21:16:12Z" finished-at="2021-03-17T21:16:12Z">
          <params>
            <param index="0">
              <value>
                <![CDATA[[TestResult name=testLogin status=SUCCESS method=Tests.testLogin()[pri:0, instance:com.kokokozhina.Tests@55c57422] output={null}]]]>
              </value>
            </param>
          </params>
          <reporter-output>
          </reporter-output>
        </test-method> <!-- tearDown -->
        <test-method status="FAIL" signature="testMaxPriceFilter(java.lang.String)[pri:0, instance:com.kokokozhina.Tests@55c57422]" name="testMaxPriceFilter" duration-ms="29307" started-at="2021-03-17T21:16:12Z" finished-at="2021-03-17T21:16:41Z">
          <params>
            <param index="0">
              <value>
                <![CDATA[1000]]>
              </value>
            </param>
          </params>
          <exception class="org.openqa.selenium.NoSuchElementException">
            <message>
              <![CDATA[no such element: Unable to locate element: {"method":"xpath","selector":"//form[@id='list_form1']"}
  (Session info: chrome=89.0.4389.90)
For documentation on this error, please visit: http://seleniumhq.org/exceptions/no_such_element.html
Build info: version: '3.11.0', revision: 'e59cfb3', time: '2018-03-11T20:26:55.152Z'
System info: host: 'NB64-219', ip: '192.168.0.175', os.name: 'Windows 10', os.arch: 'amd64', os.version: '10.0', java.version: '1.8.0_251'
Driver info: org.openqa.selenium.chrome.ChromeDriver
Capabilities {acceptInsecureCerts: false, browserName: chrome, browserVersion: 89.0.4389.90, chrome: {chromedriverVersion: 89.0.4389.23 (61b08ee2c5002..., userDataDir: C:\Users\okozhina\AppData\L...}, goog:chromeOptions: {debuggerAddress: localhost:58232}, javascriptEnabled: true, networkConnectionEnabled: false, pageLoadStrategy: normal, platform: WINDOWS, platformName: WINDOWS, proxy: Proxy(), setWindowRect: true, strictFileInteractability: false, timeouts: {implicit: 0, pageLoad: 300000, script: 30000}, unhandledPromptBehavior: dismiss and notify, webauthn:extension:largeBlob: true, webauthn:virtualAuthenticators: true}
Session ID: baf7560d1577b6ccf59a275143bebb78
*** Element info: {Using=xpath, value=//form[@id='list_form1']}]]>
            </message>
            <full-stacktrace>
              <![CDATA[org.openqa.selenium.NoSuchElementException: no such element: Unable to locate element: {"method":"xpath","selector":"//form[@id='list_form1']"}
  (Session info: chrome=89.0.4389.90)
For documentation on this error, please visit: http://seleniumhq.org/exceptions/no_such_element.html
Build info: version: '3.11.0', revision: 'e59cfb3', time: '2018-03-11T20:26:55.152Z'
System info: host: 'NB64-219', ip: '192.168.0.175', os.name: 'Windows 10', os.arch: 'amd64', os.version: '10.0', java.version: '1.8.0_251'
Driver info: org.openqa.selenium.chrome.ChromeDriver
Capabilities {acceptInsecureCerts: false, browserName: chrome, browserVersion: 89.0.4389.90, chrome: {chromedriverVersion: 89.0.4389.23 (61b08ee2c5002..., userDataDir: C:\Users\okozhina\AppData\L...}, goog:chromeOptions: {debuggerAddress: localhost:58232}, javascriptEnabled: true, networkConnectionEnabled: false, pageLoadStrategy: normal, platform: WINDOWS, platformName: WINDOWS, proxy: Proxy(), setWindowRect: true, strictFileInteractability: false, timeouts: {implicit: 0, pageLoad: 300000, script: 30000}, unhandledPromptBehavior: dismiss and notify, webauthn:extension:largeBlob: true, webauthn:virtualAuthenticators: true}
Session ID: baf7560d1577b6ccf59a275143bebb78
*** Element info: {Using=xpath, value=//form[@id='list_form1']}
at sun.reflect.NativeConstructorAccessorImpl.newInstance0(Native Method)
at sun.reflect.NativeConstructorAccessorImpl.newInstance(NativeConstructorAccessorImpl.java:62)
at sun.reflect.DelegatingConstructorAccessorImpl.newInstance(DelegatingConstructorAccessorImpl.java:45)
at java.lang.reflect.Constructor.newInstance(Constructor.java:423)
at org.openqa.selenium.remote.http.W3CHttpResponseCodec.createException(W3CHttpResponseCodec.java:187)
at org.openqa.selenium.remote.http.W3CHttpResponseCodec.decode(W3CHttpResponseCodec.java:122)
at org.openqa.selenium.remote.http.W3CHttpResponseCodec.decode(W3CHttpResponseCodec.java:49)
at org.openqa.selenium.remote.HttpCommandExecutor.execute(HttpCommandExecutor.java:158)
at org.openqa.selenium.remote.service.DriverCommandExecutor.execute(DriverCommandExecutor.java:83)
at org.openqa.selenium.remote.RemoteWebDriver.execute(RemoteWebDriver.java:545)
at org.openqa.selenium.remote.RemoteWebDriver.findElement(RemoteWebDriver.java:319)
at org.openqa.selenium.remote.RemoteWebDriver.findElementByXPath(RemoteWebDriver.java:421)
at org.openqa.selenium.By$ByXPath.findElement(By.java:361)
at org.openqa.selenium.remote.RemoteWebDriver.findElement(RemoteWebDriver.java:311)
at com.kokokozhina.Tests.testMaxPriceFilterForOnePage(Tests.java:138)
at com.kokokozhina.Tests.testMaxPriceFilter(Tests.java:182)
at sun.reflect.NativeMethodAccessorImpl.invoke0(Native Method)
at sun.reflect.NativeMethodAccessorImpl.invoke(NativeMethodAccessorImpl.java:62)
at sun.reflect.DelegatingMethodAccessorImpl.invoke(DelegatingMethodAccessorImpl.java:43)
at java.lang.reflect.Method.invoke(Method.java:498)
at org.testng.internal.MethodInvocationHelper.invokeMethod(MethodInvocationHelper.java:124)
at org.testng.internal.Invoker.invokeMethod(Invoker.java:580)
at org.testng.internal.Invoker.invokeTestMethod(Invoker.java:716)
at org.testng.internal.Invoker.invokeTestMethods(Invoker.java:988)
at org.testng.internal.TestMethodWorker.invokeTestMethods(TestMethodWorker.java:125)
at org.testng.internal.TestMethodWorker.run(TestMethodWorker.java:109)
at org.testng.TestRunner.privateRun(TestRunner.java:648)
at org.testng.TestRunner.run(TestRunner.java:505)
at org.testng.SuiteRunner.runTest(SuiteRunner.java:455)
at org.testng.SuiteRunner.runSequentially(SuiteRunner.java:450)
at org.testng.SuiteRunner.privateRun(SuiteRunner.java:415)
at org.testng.SuiteRunner.run(SuiteRunner.java:364)
at org.testng.SuiteRunnerWorker.runSuite(SuiteRunnerWorker.java:52)
at org.testng.SuiteRunnerWorker.run(SuiteRunnerWorker.java:84)
at org.testng.TestNG.runSuitesSequentially(TestNG.java:1208)
at org.testng.TestNG.runSuitesLocally(TestNG.java:1137)
at org.testng.TestNG.runSuites(TestNG.java:1049)
at org.testng.TestNG.run(TestNG.java:1017)
at org.apache.maven.surefire.testng.TestNGExecutor.run(TestNGExecutor.java:283)
at org.apache.maven.surefire.testng.TestNGXmlTestSuite.execute(TestNGXmlTestSuite.java:75)
at org.apache.maven.surefire.testng.TestNGProvider.invoke(TestNGProvider.java:120)
at org.apache.maven.surefire.booter.ForkedBooter.invokeProviderInSameClassLoader(ForkedBooter.java:386)
at org.apache.maven.surefire.booter.ForkedBooter.runSuitesInProcess(ForkedBooter.java:323)
at org.apache.maven.surefire.booter.ForkedBooter.main(ForkedBooter.java:143)
]]>
            </full-stacktrace>
          </exception> <!-- org.openqa.selenium.NoSuchElementException -->
          <reporter-output>
          </reporter-output>
        </test-method> <!-- testMaxPriceFilter -->
        <test-method status="PASS" signature="tearDown(org.testng.ITestResult)[pri:0, instance:com.kokokozhina.Tests@55c57422]" name="tearDown" is-config="true" duration-ms="580" started-at="2021-03-17T21:16:42Z" finished-at="2021-03-17T21:16:42Z">
          <params>
            <param index="0">
              <value>
                <![CDATA[[TestResult name=testMaxPriceFilter status=FAILURE method=Tests.testMaxPriceFilter(java.lang.String)[pri:0, instance:com.kokokozhina.Tests@55c57422] output={null}]]]>
              </value>
            </param>
          </params>
          <reporter-output>
          </reporter-output>
        </test-method> <!-- tearDown -->
        <test-method status="PASS" signature="testFavouritesAndVisitedGoods()[pri:0, instance:com.kokokozhina.Tests@55c57422]" name="testFavouritesAndVisitedGoods" duration-ms="19447" started-at="2021-03-17T21:16:42Z" depends-on-methods="com.kokokozhina.Tests.testLogin" finished-at="2021-03-17T21:17:02Z">
          <reporter-output>
          </reporter-output>
        </test-method> <!-- testFavouritesAndVisitedGoods -->
        <test-method status="PASS" signature="tearDown(org.testng.ITestResult)[pri:0, instance:com.kokokozhina.Tests@55c57422]" name="tearDown" is-config="true" duration-ms="1" started-at="2021-03-17T21:17:02Z" finished-at="2021-03-17T21:17:02Z">
          <params>
            <param index="0">
              <value>
                <![CDATA[[TestResult name=testFavouritesAndVisitedGoods status=SUCCESS method=Tests.testFavouritesAndVisitedGoods()[pri:0, instance:com.kokokozhina.Tests@55c57422] output={null}]]]>
              </value>
            </param>
          </params>
          <reporter-output>
          </reporter-output>
        </test-method> <!-- tearDown -->
      </class> <!-- com.kokokozhina.Tests -->
    </test> <!-- tests with price = 1000 -->
    <test name="tests with price = 3000" duration-ms="65708" started-at="2021-03-17T21:17:02Z" finished-at="2021-03-17T21:18:07Z">
      <class name="com.kokokozhina.Tests">
        <test-method status="PASS" signature="testLogin()[pri:0, instance:com.kokokozhina.Tests@52bd9a27]" name="testLogin" duration-ms="7521" started-at="2021-03-17T21:17:02Z" finished-at="2021-03-17T21:17:09Z">
          <reporter-output>
          </reporter-output>
        </test-method> <!-- testLogin -->
        <test-method status="PASS" signature="tearDown(org.testng.ITestResult)[pri:0, instance:com.kokokozhina.Tests@52bd9a27]" name="tearDown" is-config="true" duration-ms="0" started-at="2021-03-17T21:17:09Z" finished-at="2021-03-17T21:17:09Z">
          <params>
            <param index="0">
              <value>
                <![CDATA[[TestResult name=testLogin status=SUCCESS method=Tests.testLogin()[pri:0, instance:com.kokokozhina.Tests@52bd9a27] output={null}]]]>
              </value>
            </param>
          </params>
          <reporter-output>
          </reporter-output>
        </test-method> <!-- tearDown -->
        <test-method status="PASS" signature="testMaxPriceFilter(java.lang.String)[pri:0, instance:com.kokokozhina.Tests@52bd9a27]" name="testMaxPriceFilter" duration-ms="39991" started-at="2021-03-17T21:17:09Z" finished-at="2021-03-17T21:17:49Z">
          <params>
            <param index="0">
              <value>
                <![CDATA[3000]]>
              </value>
            </param>
          </params>
          <reporter-output>
          </reporter-output>
        </test-method> <!-- testMaxPriceFilter -->
        <test-method status="PASS" signature="tearDown(org.testng.ITestResult)[pri:0, instance:com.kokokozhina.Tests@52bd9a27]" name="tearDown" is-config="true" duration-ms="0" started-at="2021-03-17T21:17:49Z" finished-at="2021-03-17T21:17:49Z">
          <params>
            <param index="0">
              <value>
                <![CDATA[[TestResult name=testMaxPriceFilter status=SUCCESS method=Tests.testMaxPriceFilter(java.lang.String)[pri:0, instance:com.kokokozhina.Tests@52bd9a27] output={null}]]]>
              </value>
            </param>
          </params>
          <reporter-output>
          </reporter-output>
        </test-method> <!-- tearDown -->
        <test-method status="PASS" signature="testFavouritesAndVisitedGoods()[pri:0, instance:com.kokokozhina.Tests@52bd9a27]" name="testFavouritesAndVisitedGoods" duration-ms="18154" started-at="2021-03-17T21:17:49Z" depends-on-methods="com.kokokozhina.Tests.testLogin" finished-at="2021-03-17T21:18:07Z">
          <reporter-output>
          </reporter-output>
        </test-method> <!-- testFavouritesAndVisitedGoods -->
        <test-method status="PASS" signature="tearDown(org.testng.ITestResult)[pri:0, instance:com.kokokozhina.Tests@52bd9a27]" name="tearDown" is-config="true" duration-ms="1" started-at="2021-03-17T21:18:07Z" finished-at="2021-03-17T21:18:07Z">
          <params>
            <param index="0">
              <value>
                <![CDATA[[TestResult name=testFavouritesAndVisitedGoods status=SUCCESS method=Tests.testFavouritesAndVisitedGoods()[pri:0, instance:com.kokokozhina.Tests@52bd9a27] output={null}]]]>
              </value>
            </param>
          </params>
          <reporter-output>
          </reporter-output>
        </test-method> <!-- tearDown -->
      </class> <!-- com.kokokozhina.Tests -->
    </test> <!-- tests with price = 3000 -->
    <test name="tests with price = 5000" duration-ms="148494" started-at="2021-03-17T21:18:07Z" finished-at="2021-03-17T21:20:36Z">
      <class name="com.kokokozhina.Tests">
        <test-method status="PASS" signature="testLogin()[pri:0, instance:com.kokokozhina.Tests@5696c927]" name="testLogin" duration-ms="7575" started-at="2021-03-17T21:18:07Z" finished-at="2021-03-17T21:18:15Z">
          <reporter-output>
          </reporter-output>
        </test-method> <!-- testLogin -->
        <test-method status="PASS" signature="tearDown(org.testng.ITestResult)[pri:0, instance:com.kokokozhina.Tests@5696c927]" name="tearDown" is-config="true" duration-ms="1" started-at="2021-03-17T21:18:15Z" finished-at="2021-03-17T21:18:15Z">
          <params>
            <param index="0">
              <value>
                <![CDATA[[TestResult name=testLogin status=SUCCESS method=Tests.testLogin()[pri:0, instance:com.kokokozhina.Tests@5696c927] output={null}]]]>
              </value>
            </param>
          </params>
          <reporter-output>
          </reporter-output>
        </test-method> <!-- tearDown -->
        <test-method status="PASS" signature="testMaxPriceFilter(java.lang.String)[pri:0, instance:com.kokokozhina.Tests@5696c927]" name="testMaxPriceFilter" duration-ms="121258" started-at="2021-03-17T21:18:15Z" finished-at="2021-03-17T21:20:16Z">
          <params>
            <param index="0">
              <value>
                <![CDATA[5000]]>
              </value>
            </param>
          </params>
          <reporter-output>
          </reporter-output>
        </test-method> <!-- testMaxPriceFilter -->
        <test-method status="PASS" signature="tearDown(org.testng.ITestResult)[pri:0, instance:com.kokokozhina.Tests@5696c927]" name="tearDown" is-config="true" duration-ms="0" started-at="2021-03-17T21:20:16Z" finished-at="2021-03-17T21:20:16Z">
          <params>
            <param index="0">
              <value>
                <![CDATA[[TestResult name=testMaxPriceFilter status=SUCCESS method=Tests.testMaxPriceFilter(java.lang.String)[pri:0, instance:com.kokokozhina.Tests@5696c927] output={null}]]]>
              </value>
            </param>
          </params>
          <reporter-output>
          </reporter-output>
        </test-method> <!-- tearDown -->
        <test-method status="FAIL" signature="testFavouritesAndVisitedGoods()[pri:0, instance:com.kokokozhina.Tests@5696c927]" name="testFavouritesAndVisitedGoods" duration-ms="18769" started-at="2021-03-17T21:20:16Z" depends-on-methods="com.kokokozhina.Tests.testLogin" finished-at="2021-03-17T21:20:35Z">
          <exception class="org.openqa.selenium.NoSuchElementException">
            <message>
              <![CDATA[no such element: Unable to locate element: {"method":"xpath","selector":"//*[@id='li_br156']/label"}
  (Session info: chrome=89.0.4389.90)
For documentation on this error, please visit: http://seleniumhq.org/exceptions/no_such_element.html
Build info: version: '3.11.0', revision: 'e59cfb3', time: '2018-03-11T20:26:55.152Z'
System info: host: 'NB64-219', ip: '192.168.0.175', os.name: 'Windows 10', os.arch: 'amd64', os.version: '10.0', java.version: '1.8.0_251'
Driver info: org.openqa.selenium.chrome.ChromeDriver
Capabilities {acceptInsecureCerts: false, browserName: chrome, browserVersion: 89.0.4389.90, chrome: {chromedriverVersion: 89.0.4389.23 (61b08ee2c5002..., userDataDir: C:\Users\okozhina\AppData\L...}, goog:chromeOptions: {debuggerAddress: localhost:58232}, javascriptEnabled: true, networkConnectionEnabled: false, pageLoadStrategy: normal, platform: WINDOWS, platformName: WINDOWS, proxy: Proxy(), setWindowRect: true, strictFileInteractability: false, timeouts: {implicit: 0, pageLoad: 300000, script: 30000}, unhandledPromptBehavior: dismiss and notify, webauthn:extension:largeBlob: true, webauthn:virtualAuthenticators: true}
Session ID: baf7560d1577b6ccf59a275143bebb78
*** Element info: {Using=xpath, value=//*[@id='li_br156']/label}]]>
            </message>
            <full-stacktrace>
              <![CDATA[org.openqa.selenium.NoSuchElementException: no such element: Unable to locate element: {"method":"xpath","selector":"//*[@id='li_br156']/label"}
  (Session info: chrome=89.0.4389.90)
For documentation on this error, please visit: http://seleniumhq.org/exceptions/no_such_element.html
Build info: version: '3.11.0', revision: 'e59cfb3', time: '2018-03-11T20:26:55.152Z'
System info: host: 'NB64-219', ip: '192.168.0.175', os.name: 'Windows 10', os.arch: 'amd64', os.version: '10.0', java.version: '1.8.0_251'
Driver info: org.openqa.selenium.chrome.ChromeDriver
Capabilities {acceptInsecureCerts: false, browserName: chrome, browserVersion: 89.0.4389.90, chrome: {chromedriverVersion: 89.0.4389.23 (61b08ee2c5002..., userDataDir: C:\Users\okozhina\AppData\L...}, goog:chromeOptions: {debuggerAddress: localhost:58232}, javascriptEnabled: true, networkConnectionEnabled: false, pageLoadStrategy: normal, platform: WINDOWS, platformName: WINDOWS, proxy: Proxy(), setWindowRect: true, strictFileInteractability: false, timeouts: {implicit: 0, pageLoad: 300000, script: 30000}, unhandledPromptBehavior: dismiss and notify, webauthn:extension:largeBlob: true, webauthn:virtualAuthenticators: true}
Session ID: baf7560d1577b6ccf59a275143bebb78
*** Element info: {Using=xpath, value=//*[@id='li_br156']/label}
at sun.reflect.NativeConstructorAccessorImpl.newInstance0(Native Method)
at sun.reflect.NativeConstructorAccessorImpl.newInstance(NativeConstructorAccessorImpl.java:62)
at sun.reflect.DelegatingConstructorAccessorImpl.newInstance(DelegatingConstructorAccessorImpl.java:45)
at java.lang.reflect.Constructor.newInstance(Constructor.java:423)
at org.openqa.selenium.remote.http.W3CHttpResponseCodec.createException(W3CHttpResponseCodec.java:187)
at org.openqa.selenium.remote.http.W3CHttpResponseCodec.decode(W3CHttpResponseCodec.java:122)
at org.openqa.selenium.remote.http.W3CHttpResponseCodec.decode(W3CHttpResponseCodec.java:49)
at org.openqa.selenium.remote.HttpCommandExecutor.execute(HttpCommandExecutor.java:158)
at org.openqa.selenium.remote.service.DriverCommandExecutor.execute(DriverCommandExecutor.java:83)
at org.openqa.selenium.remote.RemoteWebDriver.execute(RemoteWebDriver.java:545)
at org.openqa.selenium.remote.RemoteWebDriver.findElement(RemoteWebDriver.java:319)
at org.openqa.selenium.remote.RemoteWebDriver.findElementByXPath(RemoteWebDriver.java:421)
at org.openqa.selenium.By$ByXPath.findElement(By.java:361)
at org.openqa.selenium.remote.RemoteWebDriver.findElement(RemoteWebDriver.java:311)
at com.kokokozhina.Tests.testFavouritesAndVisitedGoods(Tests.java:70)
at sun.reflect.NativeMethodAccessorImpl.invoke0(Native Method)
at sun.reflect.NativeMethodAccessorImpl.invoke(NativeMethodAccessorImpl.java:62)
at sun.reflect.DelegatingMethodAccessorImpl.invoke(DelegatingMethodAccessorImpl.java:43)
at java.lang.reflect.Method.invoke(Method.java:498)
at org.testng.internal.MethodInvocationHelper.invokeMethod(MethodInvocationHelper.java:124)
at org.testng.internal.Invoker.invokeMethod(Invoker.java:580)
at org.testng.internal.Invoker.invokeTestMethod(Invoker.java:716)
at org.testng.internal.Invoker.invokeTestMethods(Invoker.java:988)
at org.testng.internal.TestMethodWorker.invokeTestMethods(TestMethodWorker.java:125)
at org.testng.internal.TestMethodWorker.run(TestMethodWorker.java:109)
at org.testng.TestRunner.privateRun(TestRunner.java:648)
at org.testng.TestRunner.run(TestRunner.java:505)
at org.testng.SuiteRunner.runTest(SuiteRunner.java:455)
at org.testng.SuiteRunner.runSequentially(SuiteRunner.java:450)
at org.testng.SuiteRunner.privateRun(SuiteRunner.java:415)
at org.testng.SuiteRunner.run(SuiteRunner.java:364)
at org.testng.SuiteRunnerWorker.runSuite(SuiteRunnerWorker.java:52)
at org.testng.SuiteRunnerWorker.run(SuiteRunnerWorker.java:84)
at org.testng.TestNG.runSuitesSequentially(TestNG.java:1208)
at org.testng.TestNG.runSuitesLocally(TestNG.java:1137)
at org.testng.TestNG.runSuites(TestNG.java:1049)
at org.testng.TestNG.run(TestNG.java:1017)
at org.apache.maven.surefire.testng.TestNGExecutor.run(TestNGExecutor.java:283)
at org.apache.maven.surefire.testng.TestNGXmlTestSuite.execute(TestNGXmlTestSuite.java:75)
at org.apache.maven.surefire.testng.TestNGProvider.invoke(TestNGProvider.java:120)
at org.apache.maven.surefire.booter.ForkedBooter.invokeProviderInSameClassLoader(ForkedBooter.java:386)
at org.apache.maven.surefire.booter.ForkedBooter.runSuitesInProcess(ForkedBooter.java:323)
at org.apache.maven.surefire.booter.ForkedBooter.main(ForkedBooter.java:143)
]]>
            </full-stacktrace>
          </exception> <!-- org.openqa.selenium.NoSuchElementException -->
          <reporter-output>
          </reporter-output>
        </test-method> <!-- testFavouritesAndVisitedGoods -->
        <test-method status="PASS" signature="tearDown(org.testng.ITestResult)[pri:0, instance:com.kokokozhina.Tests@5696c927]" name="tearDown" is-config="true" duration-ms="870" started-at="2021-03-17T21:20:35Z" finished-at="2021-03-17T21:20:36Z">
          <params>
            <param index="0">
              <value>
                <![CDATA[[TestResult name=testFavouritesAndVisitedGoods status=FAILURE method=Tests.testFavouritesAndVisitedGoods()[pri:0, instance:com.kokokozhina.Tests@5696c927] output={null}]]]>
              </value>
            </param>
          </params>
          <reporter-output>
          </reporter-output>
        </test-method> <!-- tearDown -->
      </class> <!-- com.kokokozhina.Tests -->
    </test> <!-- tests with price = 5000 -->
  </suite> <!-- E-katalog tests -->
</testng-results>
